<?xml version="1.0" encoding="UTF-8" standalone="no"?>
<!DOCTYPE log SYSTEM "logger.dtd">
<log>
</log>
<?xml version="1.0" encoding="UTF-8" standalone="no"?>
<!DOCTYPE log SYSTEM "logger.dtd">
<log>
<record>
  <date>2022-12-24T21:52:18.609013941Z</date>
  <millis>1671918738609</millis>
  <nanos>13941</nanos>
  <sequence>3</sequence>
  <logger>umontpellier.gl.erl.softscanner.controller.UserController</logger>
  <level>INFO</level>
  <class>umontpellier.gl.erl.softscanner.controller.UserController</class>
  <method>createUser</method>
  <thread>19</thread>
  <message>User Creation</message>
</record>
</log>
